{"meta": {"format": 3, "version": "7.13.1", "timestamp": "2026-01-06T14:44:00.395797", "branch_coverage": false, "show_contexts": false}, "files": {"afterimage/__init__.py": {"executed_lines": [8, 10, 11, 12, 13, 14, 16], "summary": {"covered_lines": 7, "num_statements": 7, "percent_covered": 100.0, "percent_covered_display": "100", "missing_lines": 0, "excluded_lines": 0, "percent_statements_covered": 100.0, "percent_statements_covered_display": "100"}, "missing_lines": [], "excluded_lines": [], "functions": {"": {"executed_lines": [8, 10, 11, 12, 13, 14, 16], "summary": {"covered_lines": 7, "num_statements": 7, "percent_covered": 100.0, "percent_covered_display": "100", "missing_lines": 0, "excluded_lines": 0, "percent_statements_covered": 100.0, "percent_statements_covered_display": "100"}, "missing_lines": [], "excluded_lines": [], "start_line": 1}}, "classes": {"": {"executed_lines": [8, 10, 11, 12, 13, 14, 16], "summary": {"covered_lines": 7, "num_statements": 7, "percent_covered": 100.0, "percent_covered_display": "100", "missing_lines": 0, "excluded_lines": 0, "percent_statements_covered": 100.0, "percent_statements_covered_display": "100"}, "missing_lines": [], "excluded_lines": [], "start_line": 1}}}, "afterimage/cli.py": {"executed_lines": [8, 9, 10, 11, 12, 13, 15, 16, 17, 18, 19, 22, 24, 26, 33, 34, 35, 37, 38, 39, 41, 42, 43, 44, 46, 47, 49, 52, 54, 55, 56, 59, 60, 61, 62, 67, 68, 69, 71, 74, 75, 76, 79, 80, 88, 89, 90, 92, 93, 94, 96, 140, 141, 142, 143, 145, 148, 150, 151, 153, 154, 156, 157, 158, 159, 160, 161, 162, 164, 169, 172, 174, 175, 177, 183, 184, 185, 186, 188, 190, 193, 195, 196, 197, 198, 199, 201, 202, 203, 204, 207, 209, 210, 212, 213, 214, 216, 217, 219, 220, 221, 222, 223, 226, 227, 228, 229, 231, 234, 236, 238, 240, 287, 289, 290, 291, 292, 294, 295, 296, 297, 300, 301, 302, 303, 305, 306, 308, 311, 313, 314, 315, 316, 317, 320, 322, 326, 331, 334, 337, 338, 342, 346, 349, 355, 358, 361, 364, 368, 374, 377, 383, 386, 391, 394, 400, 403, 407, 413, 416, 420, 425, 427, 428, 429, 432, 442, 443, 444], "summary": {"covered_lines": 169, "num_statements": 205, "percent_covered": 82.4390243902439, "percent_covered_display": "82", "missing_lines": 36, "excluded_lines": 2, "percent_statements_covered": 82.4390243902439, "percent_statements_covered_display": "82"}, "missing_lines": [65, 81, 82, 83, 84, 85, 86, 98, 99, 100, 101, 103, 106, 107, 108, 109, 114, 115, 116, 119, 120, 129, 130, 131, 132, 133, 134, 136, 137, 138, 165, 166, 167, 224, 446, 447], "excluded_lines": [450, 451], "functions": {"cmd_search": {"executed_lines": [24, 26, 33, 34, 35, 37, 38, 39, 41, 42, 43, 44, 46, 47, 49], "summary": {"covered_lines": 15, "num_statements": 15, "percent_covered": 100.0, "percent_covered_display": "100", "missing_lines": 0, "excluded_lines": 0, "percent_statements_covered": 100.0, "percent_statements_covered_display": "100"}, "missing_lines": [], "excluded_lines": [], "start_line": 22}, "cmd_ingest": {"executed_lines": [54, 55, 56, 59, 60, 61, 62, 67, 68, 69, 71, 74, 75, 76, 79, 80, 88, 89, 90, 92, 93, 94, 96, 140, 141, 142, 143, 145], "summary": {"covered_lines": 28, "num_statements": 58, "percent_covered": 48.275862068965516, "percent_covered_display": "48", "missing_lines": 30, "excluded_lines": 0, "percent_statements_covered": 48.275862068965516, "percent_statements_covered_display": "48"}, "missing_lines": [65, 81, 82, 83, 84, 85, 86, 98, 99, 100, 101, 103, 106, 107, 108, 109, 114, 115, 116, 119, 120, 129, 130, 131, 132, 133, 134, 136, 137, 138], "excluded_lines": [], "start_line": 52}, "cmd_stats": {"executed_lines": [150, 151, 153, 154, 156, 157, 158, 159, 160, 161, 162, 164, 169], "summary": {"covered_lines": 13, "num_statements": 16, "percent_covered": 81.25, "percent_covered_display": "81", "missing_lines": 3, "excluded_lines": 0, "percent_statements_covered": 81.25, "percent_statements_covered_display": "81"}, "missing_lines": [165, 166, 167], "excluded_lines": [], "start_line": 148}, "cmd_export": {"executed_lines": [174, 175, 177, 183, 184, 185, 186, 188, 190], "summary": {"covered_lines": 9, "num_statements": 9, "percent_covered": 100.0, "percent_covered_display": "100", "missing_lines": 0, "excluded_lines": 0, "percent_statements_covered": 100.0, "percent_statements_covered_display": "100"}, "missing_lines": [], "excluded_lines": [], "start_line": 172}, "cmd_clear": {"executed_lines": [195, 196, 197, 198, 199, 201, 202, 203, 204], "summary": {"covered_lines": 9, "num_statements": 9, "percent_covered": 100.0, "percent_covered_display": "100", "missing_lines": 0, "excluded_lines": 0, "percent_statements_covered": 100.0, "percent_statements_covered_display": "100"}, "missing_lines": [], "excluded_lines": [], "start_line": 193}, "cmd_recent": {"executed_lines": [209, 210, 212, 213, 214, 216, 217, 219, 220, 221, 222, 223, 226, 227, 228, 229, 231], "summary": {"covered_lines": 17, "num_statements": 18, "percent_covered": 94.44444444444444, "percent_covered_display": "94", "missing_lines": 1, "excluded_lines": 0, "percent_statements_covered": 94.44444444444444, "percent_statements_covered_display": "94"}, "missing_lines": [224], "excluded_lines": [], "start_line": 207}, "cmd_config": {"executed_lines": [236, 238, 240, 287, 289, 290, 291, 292, 294, 295, 296, 297, 300, 301, 302, 303, 305, 306, 308], "summary": {"covered_lines": 19, "num_statements": 19, "percent_covered": 100.0, "percent_covered_display": "100", "missing_lines": 0, "excluded_lines": 0, "percent_statements_covered": 100.0, "percent_statements_covered_display": "100"}, "missing_lines": [], "excluded_lines": [], "start_line": 234}, "_format_bytes": {"executed_lines": [313, 314, 315, 316, 317], "summary": {"covered_lines": 5, "num_statements": 5, "percent_covered": 100.0, "percent_covered_display": "100", "missing_lines": 0, "excluded_lines": 0, "percent_statements_covered": 100.0, "percent_statements_covered_display": "100"}, "missing_lines": [], "excluded_lines": [], "start_line": 311}, "main": {"executed_lines": [322, 326, 331, 334, 337, 338, 342, 346, 349, 355, 358, 361, 364, 368, 374, 377, 383, 386, 391, 394, 400, 403, 407, 413, 416, 420, 425, 427, 428, 429, 432, 442, 443, 444], "summary": {"covered_lines": 34, "num_statements": 36, "percent_covered": 94.44444444444444, "percent_covered_display": "94", "missing_lines": 2, "excluded_lines": 0, "percent_statements_covered": 94.44444444444444, "percent_statements_covered_display": "94"}, "missing_lines": [446, 447], "excluded_lines": [], "start_line": 320}, "": {"executed_lines": [8, 9, 10, 11, 12, 13, 15, 16, 17, 18, 19, 22, 52, 148, 172, 193, 207, 234, 311, 320], "summary": {"covered_lines": 20, "num_statements": 20, "percent_covered": 100.0, "percent_covered_display": "100", "missing_lines": 0, "excluded_lines": 2, "percent_statements_covered": 100.0, "percent_statements_covered_display": "100"}, "missing_lines": [], "excluded_lines": [450, 451], "start_line": 1}}, "classes": {"": {"executed_lines": [8, 9, 10, 11, 12, 13, 15, 16, 17, 18, 19, 22, 24, 26, 33, 34, 35, 37, 38, 39, 41, 42, 43, 44, 46, 47, 49, 52, 54, 55, 56, 59, 60, 61, 62, 67, 68, 69, 71, 74, 75, 76, 79, 80, 88, 89, 90, 92, 93, 94, 96, 140, 141, 142, 143, 145, 148, 150, 151, 153, 154, 156, 157, 158, 159, 160, 161, 162, 164, 169, 172, 174, 175, 177, 183, 184, 185, 186, 188, 190, 193, 195, 196, 197, 198, 199, 201, 202, 203, 204, 207, 209, 210, 212, 213, 214, 216, 217, 219, 220, 221, 222, 223, 226, 227, 228, 229, 231, 234, 236, 238, 240, 287, 289, 290, 291, 292, 294, 295, 296, 297, 300, 301, 302, 303, 305, 306, 308, 311, 313, 314, 315, 316, 317, 320, 322, 326, 331, 334, 337, 338, 342, 346, 349, 355, 358, 361, 364, 368, 374, 377, 383, 386, 391, 394, 400, 403, 407, 413, 416, 420, 425, 427, 428, 429, 432, 442, 443, 444], "summary": {"covered_lines": 169, "num_statements": 205, "percent_covered": 82.4390243902439, "percent_covered_display": "82", "missing_lines": 36, "excluded_lines": 2, "percent_statements_covered": 82.4390243902439, "percent_statements_covered_display": "82"}, "missing_lines": [65, 81, 82, 83, 84, 85, 86, 98, 99, 100, 101, 103, 106, 107, 108, 109, 114, 115, 116, 119, 120, 129, 130, 131, 132, 133, 134, 136, 137, 138, 165, 166, 167, 224, 446, 447], "excluded_lines": [450, 451], "start_line": 1}}}, "afterimage/embeddings.py": {"executed_lines": [8, 9, 10, 11, 12, 15, 16, 19, 21, 22, 23, 26, 30, 31, 33, 34, 37, 40, 41, 47, 56, 58, 59, 60, 65, 72, 79, 80, 82, 83, 85, 86, 87, 89, 91, 92, 96, 107, 110, 112, 114, 126, 129, 136, 138, 157, 160, 162, 163, 166, 169, 171, 172, 174, 175, 177, 187, 191, 192, 199, 202, 213, 215, 216, 217, 219, 222, 225, 243, 244, 247, 277], "summary": {"covered_lines": 72, "num_statements": 96, "percent_covered": 75.0, "percent_covered_display": "75", "missing_lines": 24, "excluded_lines": 0, "percent_statements_covered": 75.0, "percent_statements_covered_display": "75"}, "missing_lines": [49, 50, 61, 62, 88, 94, 195, 196, 197, 220, 239, 256, 258, 259, 261, 262, 264, 267, 269, 270, 271, 273, 274, 280], "excluded_lines": [], "functions": {"get_cache_dir": {"executed_lines": [21, 22, 23], "summary": {"covered_lines": 3, "num_statements": 3, "percent_covered": 100.0, "percent_covered_display": "100", "missing_lines": 0, "excluded_lines": 0, "percent_statements_covered": 100.0, "percent_statements_covered_display": "100"}, "missing_lines": [], "excluded_lines": [], "start_line": 19}, "_load_model": {"executed_lines": [30, 31, 33, 34, 37, 40, 41, 47], "summary": {"covered_lines": 8, "num_statements": 10, "percent_covered": 80.0, "percent_covered_display": "80", "missing_lines": 2, "excluded_lines": 0, "percent_statements_covered": 80.0, "percent_statements_covered_display": "80"}, "missing_lines": [49, 50], "excluded_lines": [], "start_line": 26}, "_has_cuda": {"executed_lines": [58, 59, 60], "summary": {"covered_lines": 3, "num_statements": 5, "percent_covered": 60.0, "percent_covered_display": "60", "missing_lines": 2, "excluded_lines": 0, "percent_statements_covered": 60.0, "percent_statements_covered_display": "60"}, "missing_lines": [61, 62], "excluded_lines": [], "start_line": 56}, "EmbeddingGenerator.__init__": {"executed_lines": [79, 80], "summary": {"covered_lines": 2, "num_statements": 2, "percent_covered": 100.0, "percent_covered_display": "100", "missing_lines": 0, "excluded_lines": 0, "percent_statements_covered": 100.0, "percent_statements_covered_display": "100"}, "missing_lines": [], "excluded_lines": [], "start_line": 72}, "EmbeddingGenerator.model": {"executed_lines": [85, 86, 87, 89], "summary": {"covered_lines": 4, "num_statements": 5, "percent_covered": 80.0, "percent_covered_display": "80", "missing_lines": 1, "excluded_lines": 0, "percent_statements_covered": 80.0, "percent_statements_covered_display": "80"}, "missing_lines": [88], "excluded_lines": [], "start_line": 83}, "EmbeddingGenerator.embedding_dim": {"executed_lines": [], "summary": {"covered_lines": 0, "num_statements": 1, "percent_covered": 0.0, "percent_covered_display": "0", "missing_lines": 1, "excluded_lines": 0, "percent_statements_covered": 0.0, "percent_statements_covered_display": "0"}, "missing_lines": [94], "excluded_lines": [], "start_line": 92}, "EmbeddingGenerator.embed": {"executed_lines": [107, 110, 112], "summary": {"covered_lines": 3, "num_statements": 3, "percent_covered": 100.0, "percent_covered_display": "100", "missing_lines": 0, "excluded_lines": 0, "percent_statements_covered": 100.0, "percent_statements_covered_display": "100"}, "missing_lines": [], "excluded_lines": [], "start_line": 96}, "EmbeddingGenerator.embed_batch": {"executed_lines": [126, 129, 136], "summary": {"covered_lines": 3, "num_statements": 3, "percent_covered": 100.0, "percent_covered_display": "100", "missing_lines": 0, "excluded_lines": 0, "percent_statements_covered": 100.0, "percent_statements_covered_display": "100"}, "missing_lines": [], "excluded_lines": [], "start_line": 114}, "EmbeddingGenerator.embed_code": {"executed_lines": [157, 160, 162, 163, 166, 169, 171, 172, 174, 175], "summary": {"covered_lines": 10, "num_statements": 10, "percent_covered": 100.0, "percent_covered_display": "100", "missing_lines": 0, "excluded_lines": 0, "percent_statements_covered": 100.0, "percent_statements_covered_display": "100"}, "missing_lines": [], "excluded_lines": [], "start_line": 138}, "EmbeddingGenerator._preprocess": {"executed_lines": [187, 191, 192, 199], "summary": {"covered_lines": 4, "num_statements": 7, "percent_covered": 57.142857142857146, "percent_covered_display": "57", "missing_lines": 3, "excluded_lines": 0, "percent_statements_covered": 57.142857142857146, "percent_statements_covered_display": "57"}, "missing_lines": [195, 196, 197], "excluded_lines": [], "start_line": 177}, "cosine_similarity": {"executed_lines": [213, 215, 216, 217, 219, 222], "summary": {"covered_lines": 6, "num_statements": 7, "percent_covered": 85.71428571428571, "percent_covered_display": "86", "missing_lines": 1, "excluded_lines": 0, "percent_statements_covered": 85.71428571428571, "percent_statements_covered_display": "86"}, "missing_lines": [220], "excluded_lines": [], "start_line": 202}, "cosine_similarity_batch": {"executed_lines": [], "summary": {"covered_lines": 0, "num_statements": 1, "percent_covered": 0.0, "percent_covered_display": "0", "missing_lines": 1, "excluded_lines": 0, "percent_statements_covered": 0.0, "percent_statements_covered_display": "0"}, "missing_lines": [239], "excluded_lines": [], "start_line": 225}, "cached_embed": {"executed_lines": [], "summary": {"covered_lines": 0, "num_statements": 12, "percent_covered": 0.0, "percent_covered_display": "0", "missing_lines": 12, "excluded_lines": 0, "percent_statements_covered": 0.0, "percent_statements_covered_display": "0"}, "missing_lines": [256, 258, 259, 261, 262, 264, 267, 269, 270, 271, 273, 274], "excluded_lines": [], "start_line": 247}, "clear_embedding_cache": {"executed_lines": [], "summary": {"covered_lines": 0, "num_statements": 1, "percent_covered": 0.0, "percent_covered_display": "0", "missing_lines": 1, "excluded_lines": 0, "percent_statements_covered": 0.0, "percent_statements_covered_display": "0"}, "missing_lines": [280], "excluded_lines": [], "start_line": 277}, "": {"executed_lines": [8, 9, 10, 11, 12, 15, 16, 19, 26, 56, 65, 72, 82, 83, 91, 92, 96, 114, 138, 177, 202, 225, 243, 244, 247, 277], "summary": {"covered_lines": 26, "num_statements": 26, "percent_covered": 100.0, "percent_covered_display": "100", "missing_lines": 0, "excluded_lines": 0, "percent_statements_covered": 100.0, "percent_statements_covered_display": "100"}, "missing_lines": [], "excluded_lines": [], "start_line": 1}}, "classes": {"EmbeddingGenerator": {"executed_lines": [79, 80, 85, 86, 87, 89, 107, 110, 112, 126, 129, 136, 157, 160, 162, 163, 166, 169, 171, 172, 174, 175, 187, 191, 192, 199], "summary": {"covered_lines": 26, "num_statements": 31, "percent_covered": 83.87096774193549, "percent_covered_display": "84", "missing_lines": 5, "excluded_lines": 0, "percent_statements_covered": 83.87096774193549, "percent_statements_covered_display": "84"}, "missing_lines": [88, 94, 195, 196, 197], "excluded_lines": [], "start_line": 65}, "": {"executed_lines": [8, 9, 10, 11, 12, 15, 16, 19, 21, 22, 23, 26, 30, 31, 33, 34, 37, 40, 41, 47, 56, 58, 59, 60, 65, 72, 82, 83, 91, 92, 96, 114, 138, 177, 202, 213, 215, 216, 217, 219, 222, 225, 243, 244, 247, 277], "summary": {"covered_lines": 46, "num_statements": 65, "percent_covered": 70.76923076923077, "percent_covered_display": "71", "missing_lines": 19, "excluded_lines": 0, "percent_statements_covered": 70.76923076923077, "percent_statements_covered_display": "71"}, "missing_lines": [49, 50, 61, 62, 220, 239, 256, 258, 259, 261, 262, 264, 267, 269, 270, 271, 273, 274, 280], "excluded_lines": [], "start_line": 1}}}, "afterimage/extract.py": {"executed_lines": [8, 9, 10, 11, 12, 13, 14, 17, 18, 20, 21, 22, 23, 24, 25, 26, 27, 30, 36, 50, 52, 55, 58, 71, 74, 82, 90, 92, 102, 103, 104, 107, 109, 110, 111, 114, 115, 117, 119, 145, 147, 148, 149, 150, 151, 152, 153, 154, 155, 156, 159, 161, 168, 169, 170, 171, 172, 176, 177, 178, 180, 193, 194, 195, 197, 200, 201, 204, 205, 209, 213, 223, 224, 227, 228, 229, 230, 233, 234, 235, 236, 239, 242, 244, 253, 254, 256, 259, 260, 262, 273, 282, 283, 284, 286, 289, 290, 292, 303, 313, 316, 317, 318, 319, 320, 323, 324, 326, 327, 328, 329, 330, 333, 336, 337, 340, 342, 345, 349, 350, 351, 352, 363, 366, 368, 371, 372, 380, 383, 389, 392, 393, 396, 397, 400, 401, 404, 405, 408, 412, 413, 416, 417, 419], "summary": {"covered_lines": 144, "num_statements": 184, "percent_covered": 78.26086956521739, "percent_covered_display": "78", "missing_lines": 40, "excluded_lines": 0, "percent_statements_covered": 78.26086956521739, "percent_statements_covered_display": "78"}, "missing_lines": [33, 53, 60, 62, 64, 65, 66, 67, 69, 134, 136, 137, 138, 139, 140, 142, 143, 157, 158, 173, 240, 257, 287, 338, 346, 353, 354, 355, 356, 357, 358, 359, 360, 364, 373, 374, 375, 376, 377, 409], "excluded_lines": [], "functions": {"get_transcripts_dir": {"executed_lines": [], "summary": {"covered_lines": 0, "num_statements": 1, "percent_covered": 0.0, "percent_covered_display": "0", "missing_lines": 1, "excluded_lines": 0, "percent_statements_covered": 0.0, "percent_statements_covered_display": "0"}, "missing_lines": [33], "excluded_lines": [], "start_line": 30}, "find_transcript_files": {"executed_lines": [50, 52, 55, 58, 71], "summary": {"covered_lines": 5, "num_statements": 13, "percent_covered": 38.46153846153846, "percent_covered_display": "38", "missing_lines": 8, "excluded_lines": 0, "percent_statements_covered": 38.46153846153846, "percent_statements_covered_display": "38"}, "missing_lines": [53, 60, 62, 64, 65, 66, 67, 69], "excluded_lines": [], "start_line": 36}, "TranscriptExtractor.__init__": {"executed_lines": [90], "summary": {"covered_lines": 1, "num_statements": 1, "percent_covered": 100.0, "percent_covered_display": "100", "missing_lines": 0, "excluded_lines": 0, "percent_statements_covered": 100.0, "percent_statements_covered_display": "100"}, "missing_lines": [], "excluded_lines": [], "start_line": 82}, "TranscriptExtractor.extract_from_file": {"executed_lines": [102, 103, 104, 107, 109, 110, 111, 114, 115, 117], "summary": {"covered_lines": 10, "num_statements": 10, "percent_covered": 100.0, "percent_covered_display": "100", "missing_lines": 0, "excluded_lines": 0, "percent_statements_covered": 100.0, "percent_statements_covered_display": "100"}, "missing_lines": [], "excluded_lines": [], "start_line": 92}, "TranscriptExtractor.extract_from_directory": {"executed_lines": [], "summary": {"covered_lines": 0, "num_statements": 8, "percent_covered": 0.0, "percent_covered_display": "0", "missing_lines": 8, "excluded_lines": 0, "percent_statements_covered": 0.0, "percent_statements_covered_display": "0"}, "missing_lines": [134, 136, 137, 138, 139, 140, 142, 143], "excluded_lines": [], "start_line": 119}, "TranscriptExtractor._load_jsonl": {"executed_lines": [147, 148, 149, 150, 151, 152, 153, 154, 155, 156, 159], "summary": {"covered_lines": 11, "num_statements": 13, "percent_covered": 84.61538461538461, "percent_covered_display": "85", "missing_lines": 2, "excluded_lines": 0, "percent_statements_covered": 84.61538461538461, "percent_statements_covered_display": "85"}, "missing_lines": [157, 158], "excluded_lines": [], "start_line": 145}, "TranscriptExtractor._get_session_id": {"executed_lines": [168, 169, 170, 171, 172, 176, 177, 178], "summary": {"covered_lines": 8, "num_statements": 9, "percent_covered": 88.88888888888889, "percent_covered_display": "89", "missing_lines": 1, "excluded_lines": 0, "percent_statements_covered": 88.88888888888889, "percent_statements_covered_display": "89"}, "missing_lines": [173], "excluded_lines": [], "start_line": 161}, "TranscriptExtractor._extract_code_change": {"executed_lines": [193, 194, 195, 197, 200, 201, 204, 205, 209], "summary": {"covered_lines": 9, "num_statements": 9, "percent_covered": 100.0, "percent_covered_display": "100", "missing_lines": 0, "excluded_lines": 0, "percent_statements_covered": 100.0, "percent_statements_covered_display": "100"}, "missing_lines": [], "excluded_lines": [], "start_line": 180}, "TranscriptExtractor._get_tool_info": {"executed_lines": [223, 224, 227, 228, 229, 230, 233, 234, 235, 236, 239, 242], "summary": {"covered_lines": 12, "num_statements": 13, "percent_covered": 92.3076923076923, "percent_covered_display": "92", "missing_lines": 1, "excluded_lines": 0, "percent_statements_covered": 92.3076923076923, "percent_statements_covered_display": "92"}, "missing_lines": [240], "excluded_lines": [], "start_line": 213}, "TranscriptExtractor._extract_write_change": {"executed_lines": [253, 254, 256, 259, 260, 262], "summary": {"covered_lines": 6, "num_statements": 7, "percent_covered": 85.71428571428571, "percent_covered_display": "86", "missing_lines": 1, "excluded_lines": 0, "percent_statements_covered": 85.71428571428571, "percent_statements_covered_display": "86"}, "missing_lines": [257], "excluded_lines": [], "start_line": 244}, "TranscriptExtractor._extract_edit_change": {"executed_lines": [282, 283, 284, 286, 289, 290, 292], "summary": {"covered_lines": 7, "num_statements": 8, "percent_covered": 87.5, "percent_covered_display": "88", "missing_lines": 1, "excluded_lines": 0, "percent_statements_covered": 87.5, "percent_statements_covered_display": "88"}, "missing_lines": [287], "excluded_lines": [], "start_line": 273}, "TranscriptExtractor._get_context": {"executed_lines": [313, 316, 317, 318, 319, 320, 323, 324, 326, 327, 328, 329, 330, 333, 336, 337, 340], "summary": {"covered_lines": 17, "num_statements": 18, "percent_covered": 94.44444444444444, "percent_covered_display": "94", "missing_lines": 1, "excluded_lines": 0, "percent_statements_covered": 94.44444444444444, "percent_statements_covered_display": "94"}, "missing_lines": [338], "excluded_lines": [], "start_line": 303}, "TranscriptExtractor._extract_text": {"executed_lines": [345, 349, 350, 351, 352, 363, 366], "summary": {"covered_lines": 7, "num_statements": 17, "percent_covered": 41.1764705882353, "percent_covered_display": "41", "missing_lines": 10, "excluded_lines": 0, "percent_statements_covered": 41.1764705882353, "percent_statements_covered_display": "41"}, "missing_lines": [346, 353, 354, 355, 356, 357, 358, 359, 360, 364], "excluded_lines": [], "start_line": 342}, "TranscriptExtractor._get_timestamp": {"executed_lines": [371, 372, 380], "summary": {"covered_lines": 3, "num_statements": 8, "percent_covered": 37.5, "percent_covered_display": "38", "missing_lines": 5, "excluded_lines": 0, "percent_statements_covered": 37.5, "percent_statements_covered_display": "38"}, "missing_lines": [373, 374, 375, 376, 377], "excluded_lines": [], "start_line": 368}, "extract_code_symbols": {"executed_lines": [389, 392, 393, 396, 397, 400, 401, 404, 405, 408, 412, 413, 416, 417, 419], "summary": {"covered_lines": 15, "num_statements": 16, "percent_covered": 93.75, "percent_covered_display": "94", "missing_lines": 1, "excluded_lines": 0, "percent_statements_covered": 93.75, "percent_statements_covered_display": "94"}, "missing_lines": [409], "excluded_lines": [], "start_line": 383}, "": {"executed_lines": [8, 9, 10, 11, 12, 13, 14, 17, 18, 20, 21, 22, 23, 24, 25, 26, 27, 30, 36, 74, 82, 92, 119, 145, 161, 180, 213, 244, 273, 303, 342, 368, 383], "summary": {"covered_lines": 33, "num_statements": 33, "percent_covered": 100.0, "percent_covered_display": "100", "missing_lines": 0, "excluded_lines": 0, "percent_statements_covered": 100.0, "percent_statements_covered_display": "100"}, "missing_lines": [], "excluded_lines": [], "start_line": 1}}, "classes": {"CodeChange": {"executed_lines": [], "summary": {"covered_lines": 0, "num_statements": 0, "percent_covered": 100.0, "percent_covered_display": "100", "missing_lines": 0, "excluded_lines": 0, "percent_statements_covered": 100.0, "percent_statements_covered_display": "100"}, "missing_lines": [], "excluded_lines": [], "start_line": 18}, "TranscriptExtractor": {"executed_lines": [90, 102, 103, 104, 107, 109, 110, 111, 114, 115, 117, 147, 148, 149, 150, 151, 152, 153, 154, 155, 156, 159, 168, 169, 170, 171, 172, 176, 177, 178, 193, 194, 195, 197, 200, 201, 204, 205, 209, 223, 224, 227, 228, 229, 230, 233, 234, 235, 236, 239, 242, 253, 254, 256, 259, 260, 262, 282, 283, 284, 286, 289, 290, 292, 313, 316, 317, 318, 319, 320, 323, 324, 326, 327, 328, 329, 330, 333, 336, 337, 340, 345, 349, 350, 351, 352, 363, 366, 371, 372, 380], "summary": {"covered_lines": 91, "num_statements": 121, "percent_covered": 75.20661157024793, "percent_covered_display": "75", "missing_lines": 30, "excluded_lines": 0, "percent_statements_covered": 75.20661157024793, "percent_statements_covered_display": "75"}, "missing_lines": [134, 136, 137, 138, 139, 140, 142, 143, 157, 158, 173, 240, 257, 287, 338, 346, 353, 354, 355, 356, 357, 358, 359, 360, 364, 373, 374, 375, 376, 377], "excluded_lines": [], "start_line": 74}, "": {"executed_lines": [8, 9, 10, 11, 12, 13, 14, 17, 18, 20, 21, 22, 23, 24, 25, 26, 27, 30, 36, 50, 52, 55, 58, 71, 74, 82, 92, 119, 145, 161, 180, 213, 244, 273, 303, 342, 368, 383, 389, 392, 393, 396, 397, 400, 401, 404, 405, 408, 412, 413, 416, 417, 419], "summary": {"covered_lines": 53, "num_statements": 63, "percent_covered": 84.12698412698413, "percent_covered_display": "84", "missing_lines": 10, "excluded_lines": 0, "percent_statements_covered": 84.12698412698413, "percent_statements_covered_display": "84"}, "missing_lines": [33, 53, 60, 62, 64, 65, 66, 67, 69, 409], "excluded_lines": [], "start_line": 1}}}, "afterimage/filter.py": {"executed_lines": [8, 9, 10, 11, 12, 16, 55, 72, 92, 94, 95, 96, 97, 98, 101, 104, 116, 133, 134, 135, 137, 140, 141, 142, 143, 145, 148, 149, 150, 151, 153, 156, 157, 158, 159, 161, 163, 174, 175, 178, 179, 180, 181, 184, 185, 188, 191, 193, 194, 195, 198, 199, 202, 203, 206, 208, 210, 213, 217, 218, 221, 222, 224, 225, 227, 229, 231, 238, 239, 242, 245, 246, 247, 248, 249, 251, 255, 256, 259, 260, 263, 264, 267, 271, 273, 274, 277, 278, 281, 282, 284, 286, 288, 289, 290, 292, 294, 296, 298, 300, 302, 304], "summary": {"covered_lines": 102, "num_statements": 109, "percent_covered": 93.57798165137615, "percent_covered_display": "94", "missing_lines": 7, "excluded_lines": 0, "percent_statements_covered": 93.57798165137615, "percent_statements_covered_display": "94"}, "missing_lines": [99, 100, 214, 250, 252, 268, 295], "excluded_lines": [], "functions": {"load_config": {"executed_lines": [94, 95, 96, 97, 98, 101], "summary": {"covered_lines": 6, "num_statements": 8, "percent_covered": 75.0, "percent_covered_display": "75", "missing_lines": 2, "excluded_lines": 0, "percent_statements_covered": 75.0, "percent_statements_covered_display": "75"}, "missing_lines": [99, 100], "excluded_lines": [], "start_line": 92}, "CodeFilter.__init__": {"executed_lines": [133, 134, 135, 137, 140, 141, 142, 143, 145, 148, 149, 150, 151, 153, 156, 157, 158, 159, 161], "summary": {"covered_lines": 19, "num_statements": 19, "percent_covered": 100.0, "percent_covered_display": "100", "missing_lines": 0, "excluded_lines": 0, "percent_statements_covered": 100.0, "percent_statements_covered_display": "100"}, "missing_lines": [], "excluded_lines": [], "start_line": 116}, "CodeFilter.is_code": {"executed_lines": [174, 175, 178, 179, 180, 181, 184, 185, 188, 191, 193, 194, 195, 198, 199, 202, 203, 206], "summary": {"covered_lines": 18, "num_statements": 18, "percent_covered": 100.0, "percent_covered_display": "100", "missing_lines": 0, "excluded_lines": 0, "percent_statements_covered": 100.0, "percent_statements_covered_display": "100"}, "missing_lines": [], "excluded_lines": [], "start_line": 163}, "CodeFilter._get_extension": {"executed_lines": [210, 213, 217, 218, 221, 222, 224, 225, 227, 229], "summary": {"covered_lines": 10, "num_statements": 11, "percent_covered": 90.9090909090909, "percent_covered_display": "91", "missing_lines": 1, "excluded_lines": 0, "percent_statements_covered": 90.9090909090909, "percent_statements_covered_display": "91"}, "missing_lines": [214], "excluded_lines": [], "start_line": 208}, "CodeFilter._content_heuristics": {"executed_lines": [238, 239, 242, 245, 246, 247, 248, 249, 251, 255, 256, 259, 260, 263, 264, 267, 271, 273, 274, 277, 278, 281, 282, 284], "summary": {"covered_lines": 24, "num_statements": 27, "percent_covered": 88.88888888888889, "percent_covered_display": "89", "missing_lines": 3, "excluded_lines": 0, "percent_statements_covered": 88.88888888888889, "percent_statements_covered_display": "89"}, "missing_lines": [250, 252, 268], "excluded_lines": [], "start_line": 231}, "CodeFilter.add_code_extension": {"executed_lines": [288, 289, 290], "summary": {"covered_lines": 3, "num_statements": 3, "percent_covered": 100.0, "percent_covered_display": "100", "missing_lines": 0, "excluded_lines": 0, "percent_statements_covered": 100.0, "percent_statements_covered_display": "100"}, "missing_lines": [], "excluded_lines": [], "start_line": 286}, "CodeFilter.add_skip_extension": {"executed_lines": [294, 296], "summary": {"covered_lines": 2, "num_statements": 3, "percent_covered": 66.66666666666667, "percent_covered_display": "67", "missing_lines": 1, "excluded_lines": 0, "percent_statements_covered": 66.66666666666667, "percent_statements_covered_display": "67"}, "missing_lines": [295], "excluded_lines": [], "start_line": 292}, "CodeFilter.add_skip_path": {"executed_lines": [300], "summary": {"covered_lines": 1, "num_statements": 1, "percent_covered": 100.0, "percent_covered_display": "100", "missing_lines": 0, "excluded_lines": 0, "percent_statements_covered": 100.0, "percent_statements_covered_display": "100"}, "missing_lines": [], "excluded_lines": [], "start_line": 298}, "CodeFilter.get_config": {"executed_lines": [304], "summary": {"covered_lines": 1, "num_statements": 1, "percent_covered": 100.0, "percent_covered_display": "100", "missing_lines": 0, "excluded_lines": 0, "percent_statements_covered": 100.0, "percent_statements_covered_display": "100"}, "missing_lines": [], "excluded_lines": [], "start_line": 302}, "": {"executed_lines": [8, 9, 10, 11, 12, 16, 55, 72, 92, 104, 116, 163, 208, 231, 286, 292, 298, 302], "summary": {"covered_lines": 18, "num_statements": 18, "percent_covered": 100.0, "percent_covered_display": "100", "missing_lines": 0, "excluded_lines": 0, "percent_statements_covered": 100.0, "percent_statements_covered_display": "100"}, "missing_lines": [], "excluded_lines": [], "start_line": 1}}, "classes": {"CodeFilter": {"executed_lines": [133, 134, 135, 137, 140, 141, 142, 143, 145, 148, 149, 150, 151, 153, 156, 157, 158, 159, 161, 174, 175, 178, 179, 180, 181, 184, 185, 188, 191, 193, 194, 195, 198, 199, 202, 203, 206, 210, 213, 217, 218, 221, 222, 224, 225, 227, 229, 238, 239, 242, 245, 246, 247, 248, 249, 251, 255, 256, 259, 260, 263, 264, 267, 271, 273, 274, 277, 278, 281, 282, 284, 288, 289, 290, 294, 296, 300, 304], "summary": {"covered_lines": 78, "num_statements": 83, "percent_covered": 93.97590361445783, "percent_covered_display": "94", "missing_lines": 5, "excluded_lines": 0, "percent_statements_covered": 93.97590361445783, "percent_statements_covered_display": "94"}, "missing_lines": [214, 250, 252, 268, 295], "excluded_lines": [], "start_line": 104}, "": {"executed_lines": [8, 9, 10, 11, 12, 16, 55, 72, 92, 94, 95, 96, 97, 98, 101, 104, 116, 163, 208, 231, 286, 292, 298, 302], "summary": {"covered_lines": 24, "num_statements": 26, "percent_covered": 92.3076923076923, "percent_covered_display": "92", "missing_lines": 2, "excluded_lines": 0, "percent_statements_covered": 92.3076923076923, "percent_statements_covered_display": "92"}, "missing_lines": [99, 100], "excluded_lines": [], "start_line": 1}}}, "afterimage/inject.py": {"executed_lines": [8, 9, 10, 11, 13, 16, 18, 19, 20, 21, 22, 25, 28, 29, 31, 32, 33, 34, 35, 36, 37, 40, 48, 55, 57, 58, 63, 65, 81, 86, 87, 90, 93, 96, 97, 99, 102, 105, 106, 109, 110, 112, 113, 115, 116, 118, 120, 130, 132, 149, 154, 155, 158, 161, 162, 163, 164, 167, 168, 170, 172, 174, 181, 184, 185, 186, 188, 190, 192, 193, 194, 196, 197, 199, 202, 203, 204, 207, 208, 209, 212, 213, 214, 216, 218, 220, 221, 223, 224, 226, 227, 229, 230, 231, 233, 235, 236, 238, 240, 241, 243, 268, 269, 271, 273, 275, 276, 279, 280, 282, 284, 286, 287, 289, 291, 293, 296, 310, 311], "summary": {"covered_lines": 119, "num_statements": 122, "percent_covered": 97.54098360655738, "percent_covered_display": "98", "missing_lines": 3, "excluded_lines": 0, "percent_statements_covered": 97.54098360655738, "percent_statements_covered_display": "98"}, "missing_lines": [23, 24, 232], "excluded_lines": [], "functions": {"load_config": {"executed_lines": [18, 19, 20, 21, 22, 25], "summary": {"covered_lines": 6, "num_statements": 8, "percent_covered": 75.0, "percent_covered_display": "75", "missing_lines": 2, "excluded_lines": 0, "percent_statements_covered": 75.0, "percent_statements_covered_display": "75"}, "missing_lines": [23, 24], "excluded_lines": [], "start_line": 16}, "ContextInjector.__init__": {"executed_lines": [55, 57, 58, 63], "summary": {"covered_lines": 4, "num_statements": 4, "percent_covered": 100.0, "percent_covered_display": "100", "missing_lines": 0, "excluded_lines": 0, "percent_statements_covered": 100.0, "percent_statements_covered_display": "100"}, "missing_lines": [], "excluded_lines": [], "start_line": 48}, "ContextInjector.format_injection": {"executed_lines": [81, 86, 87, 90, 93, 96, 97, 99, 102, 105, 106, 109, 110, 112, 113, 115, 116, 118], "summary": {"covered_lines": 18, "num_statements": 18, "percent_covered": 100.0, "percent_covered_display": "100", "missing_lines": 0, "excluded_lines": 0, "percent_statements_covered": 100.0, "percent_statements_covered_display": "100"}, "missing_lines": [], "excluded_lines": [], "start_line": 65}, "ContextInjector.format_single": {"executed_lines": [130], "summary": {"covered_lines": 1, "num_statements": 1, "percent_covered": 100.0, "percent_covered_display": "100", "missing_lines": 0, "excluded_lines": 0, "percent_statements_covered": 100.0, "percent_statements_covered_display": "100"}, "missing_lines": [], "excluded_lines": [], "start_line": 120}, "ContextInjector.format_for_hook": {"executed_lines": [149, 154, 155, 158, 161, 162, 163, 164, 167, 168, 170, 172], "summary": {"covered_lines": 12, "num_statements": 12, "percent_covered": 100.0, "percent_covered_display": "100", "missing_lines": 0, "excluded_lines": 0, "percent_statements_covered": 100.0, "percent_statements_covered_display": "100"}, "missing_lines": [], "excluded_lines": [], "start_line": 132}, "ContextInjector._format_result": {"executed_lines": [181, 184, 185, 186, 188, 190, 192, 193, 194, 196, 197, 199, 202, 203, 204, 207, 208, 209, 212, 213, 214, 216], "summary": {"covered_lines": 22, "num_statements": 22, "percent_covered": 100.0, "percent_covered_display": "100", "missing_lines": 0, "excluded_lines": 0, "percent_statements_covered": 100.0, "percent_statements_covered_display": "100"}, "missing_lines": [], "excluded_lines": [], "start_line": 174}, "ContextInjector._format_compact": {"executed_lines": [220, 221, 223, 224, 226, 227, 229, 230, 231, 233, 235, 236], "summary": {"covered_lines": 12, "num_statements": 13, "percent_covered": 92.3076923076923, "percent_covered_display": "92", "missing_lines": 1, "excluded_lines": 0, "percent_statements_covered": 92.3076923076923, "percent_statements_covered_display": "92"}, "missing_lines": [232], "excluded_lines": [], "start_line": 218}, "ContextInjector._detect_language": {"executed_lines": [240, 241, 243, 268, 269], "summary": {"covered_lines": 5, "num_statements": 5, "percent_covered": 100.0, "percent_covered_display": "100", "missing_lines": 0, "excluded_lines": 0, "percent_statements_covered": 100.0, "percent_statements_covered_display": "100"}, "missing_lines": [], "excluded_lines": [], "start_line": 238}, "ContextInjector._truncate_code": {"executed_lines": [273, 275, 276, 279, 280, 282], "summary": {"covered_lines": 6, "num_statements": 6, "percent_covered": 100.0, "percent_covered_display": "100", "missing_lines": 0, "excluded_lines": 0, "percent_statements_covered": 100.0, "percent_statements_covered_display": "100"}, "missing_lines": [], "excluded_lines": [], "start_line": 271}, "ContextInjector._truncate_context": {"executed_lines": [286, 287, 289], "summary": {"covered_lines": 3, "num_statements": 3, "percent_covered": 100.0, "percent_covered_display": "100", "missing_lines": 0, "excluded_lines": 0, "percent_statements_covered": 100.0, "percent_statements_covered_display": "100"}, "missing_lines": [], "excluded_lines": [], "start_line": 284}, "ContextInjector._estimate_tokens": {"executed_lines": [293], "summary": {"covered_lines": 1, "num_statements": 1, "percent_covered": 100.0, "percent_covered_display": "100", "missing_lines": 0, "excluded_lines": 0, "percent_statements_covered": 100.0, "percent_statements_covered_display": "100"}, "missing_lines": [], "excluded_lines": [], "start_line": 291}, "create_injection_message": {"executed_lines": [310, 311], "summary": {"covered_lines": 2, "num_statements": 2, "percent_covered": 100.0, "percent_covered_display": "100", "missing_lines": 0, "excluded_lines": 0, "percent_statements_covered": 100.0, "percent_statements_covered_display": "100"}, "missing_lines": [], "excluded_lines": [], "start_line": 296}, "": {"executed_lines": [8, 9, 10, 11, 13, 16, 28, 29, 31, 32, 33, 34, 35, 36, 37, 40, 48, 65, 120, 132, 174, 218, 238, 271, 284, 291, 296], "summary": {"covered_lines": 27, "num_statements": 27, "percent_covered": 100.0, "percent_covered_display": "100", "missing_lines": 0, "excluded_lines": 0, "percent_statements_covered": 100.0, "percent_statements_covered_display": "100"}, "missing_lines": [], "excluded_lines": [], "start_line": 1}}, "classes": {"InjectionConfig": {"executed_lines": [], "summary": {"covered_lines": 0, "num_statements": 0, "percent_covered": 100.0, "percent_covered_display": "100", "missing_lines": 0, "excluded_lines": 0, "percent_statements_covered": 100.0, "percent_statements_covered_display": "100"}, "missing_lines": [], "excluded_lines": [], "start_line": 29}, "ContextInjector": {"executed_lines": [55, 57, 58, 63, 81, 86, 87, 90, 93, 96, 97, 99, 102, 105, 106, 109, 110, 112, 113, 115, 116, 118, 130, 149, 154, 155, 158, 161, 162, 163, 164, 167, 168, 170, 172, 181, 184, 185, 186, 188, 190, 192, 193, 194, 196, 197, 199, 202, 203, 204, 207, 208, 209, 212, 213, 214, 216, 220, 221, 223, 224, 226, 227, 229, 230, 231, 233, 235, 236, 240, 241, 243, 268, 269, 273, 275, 276, 279, 280, 282, 286, 287, 289, 293], "summary": {"covered_lines": 84, "num_statements": 85, "percent_covered": 98.82352941176471, "percent_covered_display": "99", "missing_lines": 1, "excluded_lines": 0, "percent_statements_covered": 98.82352941176471, "percent_statements_covered_display": "99"}, "missing_lines": [232], "excluded_lines": [], "start_line": 40}, "": {"executed_lines": [8, 9, 10, 11, 13, 16, 18, 19, 20, 21, 22, 25, 28, 29, 31, 32, 33, 34, 35, 36, 37, 40, 48, 65, 120, 132, 174, 218, 238, 271, 284, 291, 296, 310, 311], "summary": {"covered_lines": 35, "num_statements": 37, "percent_covered": 94.5945945945946, "percent_covered_display": "95", "missing_lines": 2, "excluded_lines": 0, "percent_statements_covered": 94.5945945945946, "percent_statements_covered_display": "95"}, "missing_lines": [23, 24], "excluded_lines": [], "start_line": 1}}}, "afterimage/kb.py": {"executed_lines": [7, 8, 9, 10, 11, 12, 13, 14, 17, 19, 20, 21, 24, 26, 29, 31, 32, 35, 52, 53, 54, 56, 58, 59, 62, 77, 81, 85, 91, 103, 111, 119, 129, 130, 132, 157, 158, 159, 161, 162, 163, 165, 166, 168, 169, 174, 176, 178, 180, 182, 183, 184, 186, 187, 188, 190, 191, 193, 195, 197, 198, 199, 201, 208, 209, 211, 213, 224, 225, 226, 229, 238, 239, 241, 242, 243, 244, 245, 247, 249, 251, 252, 253, 255, 261, 262, 264, 266, 268, 269, 270, 272, 278, 279, 281, 283, 285, 286, 287, 289, 295, 296, 298, 300, 302, 303, 305, 306, 310, 311, 312, 314, 316, 318, 319, 321, 322, 323, 324, 326, 328, 330, 331, 333, 334, 336, 337, 338, 340, 342, 344, 345, 347, 348, 350, 351, 353, 354, 356, 357, 359, 360, 363, 365, 367, 377, 379, 380, 381, 383, 384, 385, 388, 390, 392, 402, 403, 405, 407], "summary": {"covered_lines": 159, "num_statements": 159, "percent_covered": 100.0, "percent_covered_display": "100", "missing_lines": 0, "excluded_lines": 0, "percent_statements_covered": 100.0, "percent_statements_covered_display": "100"}, "missing_lines": [], "excluded_lines": [], "functions": {"get_db_path": {"executed_lines": [19, 20, 21], "summary": {"covered_lines": 3, "num_statements": 3, "percent_covered": 100.0, "percent_covered_display": "100", "missing_lines": 0, "excluded_lines": 0, "percent_statements_covered": 100.0, "percent_statements_covered_display": "100"}, "missing_lines": [], "excluded_lines": [], "start_line": 17}, "serialize_embedding": {"executed_lines": [26], "summary": {"covered_lines": 1, "num_statements": 1, "percent_covered": 100.0, "percent_covered_display": "100", "missing_lines": 0, "excluded_lines": 0, "percent_statements_covered": 100.0, "percent_statements_covered_display": "100"}, "missing_lines": [], "excluded_lines": [], "start_line": 24}, "deserialize_embedding": {"executed_lines": [31, 32], "summary": {"covered_lines": 2, "num_statements": 2, "percent_covered": 100.0, "percent_covered_display": "100", "missing_lines": 0, "excluded_lines": 0, "percent_statements_covered": 100.0, "percent_statements_covered_display": "100"}, "missing_lines": [], "excluded_lines": [], "start_line": 29}, "KnowledgeBase.__init__": {"executed_lines": [53, 54], "summary": {"covered_lines": 2, "num_statements": 2, "percent_covered": 100.0, "percent_covered_display": "100", "missing_lines": 0, "excluded_lines": 0, "percent_statements_covered": 100.0, "percent_statements_covered_display": "100"}, "missing_lines": [], "excluded_lines": [], "start_line": 52}, "KnowledgeBase._init_db": {"executed_lines": [58, 59, 62, 77, 81, 85, 91, 103, 111, 119, 129, 130], "summary": {"covered_lines": 12, "num_statements": 12, "percent_covered": 100.0, "percent_covered_display": "100", "missing_lines": 0, "excluded_lines": 0, "percent_statements_covered": 100.0, "percent_statements_covered_display": "100"}, "missing_lines": [], "excluded_lines": [], "start_line": 56}, "KnowledgeBase.store": {"executed_lines": [157, 158, 159, 161, 162, 163, 165, 166, 168, 169, 174, 176, 178], "summary": {"covered_lines": 13, "num_statements": 13, "percent_covered": 100.0, "percent_covered_display": "100", "missing_lines": 0, "excluded_lines": 0, "percent_statements_covered": 100.0, "percent_statements_covered_display": "100"}, "missing_lines": [], "excluded_lines": [], "start_line": 132}, "KnowledgeBase.get": {"executed_lines": [182, 183, 184, 186, 187, 188, 190, 191, 193], "summary": {"covered_lines": 9, "num_statements": 9, "percent_covered": 100.0, "percent_covered_display": "100", "missing_lines": 0, "excluded_lines": 0, "percent_statements_covered": 100.0, "percent_statements_covered_display": "100"}, "missing_lines": [], "excluded_lines": [], "start_line": 180}, "KnowledgeBase.search_by_path": {"executed_lines": [197, 198, 199, 201, 208, 209, 211], "summary": {"covered_lines": 7, "num_statements": 7, "percent_covered": 100.0, "percent_covered_display": "100", "missing_lines": 0, "excluded_lines": 0, "percent_statements_covered": 100.0, "percent_statements_covered_display": "100"}, "missing_lines": [], "excluded_lines": [], "start_line": 195}, "KnowledgeBase.search_fts": {"executed_lines": [224, 225, 226, 229, 238, 239, 241, 242, 243, 244, 245, 247], "summary": {"covered_lines": 12, "num_statements": 12, "percent_covered": 100.0, "percent_covered_display": "100", "missing_lines": 0, "excluded_lines": 0, "percent_statements_covered": 100.0, "percent_statements_covered_display": "100"}, "missing_lines": [], "excluded_lines": [], "start_line": 213}, "KnowledgeBase.get_all_with_embeddings": {"executed_lines": [251, 252, 253, 255, 261, 262, 264], "summary": {"covered_lines": 7, "num_statements": 7, "percent_covered": 100.0, "percent_covered_display": "100", "missing_lines": 0, "excluded_lines": 0, "percent_statements_covered": 100.0, "percent_statements_covered_display": "100"}, "missing_lines": [], "excluded_lines": [], "start_line": 249}, "KnowledgeBase.get_recent": {"executed_lines": [268, 269, 270, 272, 278, 279, 281], "summary": {"covered_lines": 7, "num_statements": 7, "percent_covered": 100.0, "percent_covered_display": "100", "missing_lines": 0, "excluded_lines": 0, "percent_statements_covered": 100.0, "percent_statements_covered_display": "100"}, "missing_lines": [], "excluded_lines": [], "start_line": 266}, "KnowledgeBase.get_by_session": {"executed_lines": [285, 286, 287, 289, 295, 296, 298], "summary": {"covered_lines": 7, "num_statements": 7, "percent_covered": 100.0, "percent_covered_display": "100", "missing_lines": 0, "excluded_lines": 0, "percent_statements_covered": 100.0, "percent_statements_covered_display": "100"}, "missing_lines": [], "excluded_lines": [], "start_line": 283}, "KnowledgeBase.update_embedding": {"executed_lines": [302, 303, 305, 306, 310, 311, 312, 314], "summary": {"covered_lines": 8, "num_statements": 8, "percent_covered": 100.0, "percent_covered_display": "100", "missing_lines": 0, "excluded_lines": 0, "percent_statements_covered": 100.0, "percent_statements_covered_display": "100"}, "missing_lines": [], "excluded_lines": [], "start_line": 300}, "KnowledgeBase.delete": {"executed_lines": [318, 319, 321, 322, 323, 324, 326], "summary": {"covered_lines": 7, "num_statements": 7, "percent_covered": 100.0, "percent_covered_display": "100", "missing_lines": 0, "excluded_lines": 0, "percent_statements_covered": 100.0, "percent_statements_covered_display": "100"}, "missing_lines": [], "excluded_lines": [], "start_line": 316}, "KnowledgeBase.clear": {"executed_lines": [330, 331, 333, 334, 336, 337, 338, 340], "summary": {"covered_lines": 8, "num_statements": 8, "percent_covered": 100.0, "percent_covered_display": "100", "missing_lines": 0, "excluded_lines": 0, "percent_statements_covered": 100.0, "percent_statements_covered_display": "100"}, "missing_lines": [], "excluded_lines": [], "start_line": 328}, "KnowledgeBase.stats": {"executed_lines": [344, 345, 347, 348, 350, 351, 353, 354, 356, 357, 359, 360, 363, 365, 367], "summary": {"covered_lines": 15, "num_statements": 15, "percent_covered": 100.0, "percent_covered_display": "100", "missing_lines": 0, "excluded_lines": 0, "percent_statements_covered": 100.0, "percent_statements_covered_display": "100"}, "missing_lines": [], "excluded_lines": [], "start_line": 342}, "KnowledgeBase.export": {"executed_lines": [379, 380, 381, 383, 384, 385, 388], "summary": {"covered_lines": 7, "num_statements": 7, "percent_covered": 100.0, "percent_covered_display": "100", "missing_lines": 0, "excluded_lines": 0, "percent_statements_covered": 100.0, "percent_statements_covered_display": "100"}, "missing_lines": [], "excluded_lines": [], "start_line": 377}, "KnowledgeBase._row_to_dict": {"executed_lines": [392, 402, 403, 405, 407], "summary": {"covered_lines": 5, "num_statements": 5, "percent_covered": 100.0, "percent_covered_display": "100", "missing_lines": 0, "excluded_lines": 0, "percent_statements_covered": 100.0, "percent_statements_covered_display": "100"}, "missing_lines": [], "excluded_lines": [], "start_line": 390}, "": {"executed_lines": [7, 8, 9, 10, 11, 12, 13, 14, 17, 24, 29, 35, 52, 56, 132, 180, 195, 213, 249, 266, 283, 300, 316, 328, 342, 377, 390], "summary": {"covered_lines": 27, "num_statements": 27, "percent_covered": 100.0, "percent_covered_display": "100", "missing_lines": 0, "excluded_lines": 0, "percent_statements_covered": 100.0, "percent_statements_covered_display": "100"}, "missing_lines": [], "excluded_lines": [], "start_line": 1}}, "classes": {"KnowledgeBase": {"executed_lines": [53, 54, 58, 59, 62, 77, 81, 85, 91, 103, 111, 119, 129, 130, 157, 158, 159, 161, 162, 163, 165, 166, 168, 169, 174, 176, 178, 182, 183, 184, 186, 187, 188, 190, 191, 193, 197, 198, 199, 201, 208, 209, 211, 224, 225, 226, 229, 238, 239, 241, 242, 243, 244, 245, 247, 251, 252, 253, 255, 261, 262, 264, 268, 269, 270, 272, 278, 279, 281, 285, 286, 287, 289, 295, 296, 298, 302, 303, 305, 306, 310, 311, 312, 314, 318, 319, 321, 322, 323, 324, 326, 330, 331, 333, 334, 336, 337, 338, 340, 344, 345, 347, 348, 350, 351, 353, 354, 356, 357, 359, 360, 363, 365, 367, 379, 380, 381, 383, 384, 385, 388, 392, 402, 403, 405, 407], "summary": {"covered_lines": 126, "num_statements": 126, "percent_covered": 100.0, "percent_covered_display": "100", "missing_lines": 0, "excluded_lines": 0, "percent_statements_covered": 100.0, "percent_statements_covered_display": "100"}, "missing_lines": [], "excluded_lines": [], "start_line": 35}, "": {"executed_lines": [7, 8, 9, 10, 11, 12, 13, 14, 17, 19, 20, 21, 24, 26, 29, 31, 32, 35, 52, 56, 132, 180, 195, 213, 249, 266, 283, 300, 316, 328, 342, 377, 390], "summary": {"covered_lines": 33, "num_statements": 33, "percent_covered": 100.0, "percent_covered_display": "100", "missing_lines": 0, "excluded_lines": 0, "percent_statements_covered": 100.0, "percent_statements_covered_display": "100"}, "missing_lines": [], "excluded_lines": [], "start_line": 1}}}, "afterimage/search.py": {"executed_lines": [7, 8, 9, 11, 12, 15, 16, 18, 19, 20, 21, 22, 23, 24, 27, 28, 29, 31, 33, 47, 59, 75, 76, 77, 78, 80, 81, 83, 84, 85, 87, 108, 111, 112, 113, 114, 115, 118, 119, 120, 122, 124, 125, 126, 129, 131, 132, 138, 143, 145, 147, 170, 171, 174, 177, 178, 179, 180, 181, 182, 183, 184, 185, 188, 189, 191, 206, 207, 209, 217, 219, 220, 234, 235, 238, 239, 242, 243, 245, 246, 248, 249, 251, 253, 261, 262, 268, 271, 272, 275, 276, 277, 278, 279, 282, 283, 285, 288, 289, 290, 291, 294, 297, 300, 302, 304, 315, 326, 327], "summary": {"covered_lines": 109, "num_statements": 121, "percent_covered": 90.08264462809917, "percent_covered_display": "90", "missing_lines": 12, "excluded_lines": 0, "percent_statements_covered": 90.08264462809917, "percent_statements_covered_display": "90"}, "missing_lines": [221, 223, 224, 225, 226, 227, 228, 229, 231, 263, 265, 298], "excluded_lines": [], "functions": {"SearchResult.to_dict": {"executed_lines": [33], "summary": {"covered_lines": 1, "num_statements": 1, "percent_covered": 100.0, "percent_covered_display": "100", "missing_lines": 0, "excluded_lines": 0, "percent_statements_covered": 100.0, "percent_statements_covered_display": "100"}, "missing_lines": [], "excluded_lines": [], "start_line": 31}, "HybridSearch.__init__": {"executed_lines": [75, 76, 77, 78], "summary": {"covered_lines": 4, "num_statements": 4, "percent_covered": 100.0, "percent_covered_display": "100", "missing_lines": 0, "excluded_lines": 0, "percent_statements_covered": 100.0, "percent_statements_covered_display": "100"}, "missing_lines": [], "excluded_lines": [], "start_line": 59}, "HybridSearch.embedder": {"executed_lines": [83, 84, 85], "summary": {"covered_lines": 3, "num_statements": 3, "percent_covered": 100.0, "percent_covered_display": "100", "missing_lines": 0, "excluded_lines": 0, "percent_statements_covered": 100.0, "percent_statements_covered_display": "100"}, "missing_lines": [], "excluded_lines": [], "start_line": 81}, "HybridSearch.search": {"executed_lines": [108, 111, 112, 113, 114, 115, 118, 119, 120, 122, 124, 125, 126, 129, 131, 132, 138, 143, 145], "summary": {"covered_lines": 19, "num_statements": 19, "percent_covered": 100.0, "percent_covered_display": "100", "missing_lines": 0, "excluded_lines": 0, "percent_statements_covered": 100.0, "percent_statements_covered_display": "100"}, "missing_lines": [], "excluded_lines": [], "start_line": 87}, "HybridSearch.search_by_code": {"executed_lines": [170, 171, 174, 177, 178, 179, 180, 181, 182, 183, 184, 185, 188, 189], "summary": {"covered_lines": 14, "num_statements": 14, "percent_covered": 100.0, "percent_covered_display": "100", "missing_lines": 0, "excluded_lines": 0, "percent_statements_covered": 100.0, "percent_statements_covered_display": "100"}, "missing_lines": [], "excluded_lines": [], "start_line": 147}, "HybridSearch.search_by_path": {"executed_lines": [206, 207], "summary": {"covered_lines": 2, "num_statements": 2, "percent_covered": 100.0, "percent_covered_display": "100", "missing_lines": 0, "excluded_lines": 0, "percent_statements_covered": 100.0, "percent_statements_covered_display": "100"}, "missing_lines": [], "excluded_lines": [], "start_line": 191}, "HybridSearch._search_fts": {"executed_lines": [217, 219, 220, 234, 235, 238, 239, 242, 243, 245, 246, 248, 249, 251], "summary": {"covered_lines": 14, "num_statements": 23, "percent_covered": 60.869565217391305, "percent_covered_display": "61", "missing_lines": 9, "excluded_lines": 0, "percent_statements_covered": 60.869565217391305, "percent_statements_covered_display": "61"}, "missing_lines": [221, 223, 224, 225, 226, 227, 228, 229, 231], "excluded_lines": [], "start_line": 209}, "HybridSearch._search_semantic": {"executed_lines": [261, 262, 268, 271, 272, 275, 276, 277, 278, 279, 282, 283], "summary": {"covered_lines": 12, "num_statements": 14, "percent_covered": 85.71428571428571, "percent_covered_display": "86", "missing_lines": 2, "excluded_lines": 0, "percent_statements_covered": 85.71428571428571, "percent_statements_covered_display": "86"}, "missing_lines": [263, 265], "excluded_lines": [], "start_line": 253}, "HybridSearch._escape_fts_query": {"executed_lines": [288, 289, 290, 291, 294, 297, 300], "summary": {"covered_lines": 7, "num_statements": 8, "percent_covered": 87.5, "percent_covered_display": "88", "missing_lines": 1, "excluded_lines": 0, "percent_statements_covered": 87.5, "percent_statements_covered_display": "88"}, "missing_lines": [298], "excluded_lines": [], "start_line": 285}, "HybridSearch._entry_to_result": {"executed_lines": [304], "summary": {"covered_lines": 1, "num_statements": 1, "percent_covered": 100.0, "percent_covered_display": "100", "missing_lines": 0, "excluded_lines": 0, "percent_statements_covered": 100.0, "percent_statements_covered_display": "100"}, "missing_lines": [], "excluded_lines": [], "start_line": 302}, "quick_search": {"executed_lines": [326, 327], "summary": {"covered_lines": 2, "num_statements": 2, "percent_covered": 100.0, "percent_covered_display": "100", "missing_lines": 0, "excluded_lines": 0, "percent_statements_covered": 100.0, "percent_statements_covered_display": "100"}, "missing_lines": [], "excluded_lines": [], "start_line": 315}, "": {"executed_lines": [7, 8, 9, 11, 12, 15, 16, 18, 19, 20, 21, 22, 23, 24, 27, 28, 29, 31, 47, 59, 80, 81, 87, 147, 191, 209, 253, 285, 302, 315], "summary": {"covered_lines": 30, "num_statements": 30, "percent_covered": 100.0, "percent_covered_display": "100", "missing_lines": 0, "excluded_lines": 0, "percent_statements_covered": 100.0, "percent_statements_covered_display": "100"}, "missing_lines": [], "excluded_lines": [], "start_line": 1}}, "classes": {"SearchResult": {"executed_lines": [33], "summary": {"covered_lines": 1, "num_statements": 1, "percent_covered": 100.0, "percent_covered_display": "100", "missing_lines": 0, "excluded_lines": 0, "percent_statements_covered": 100.0, "percent_statements_covered_display": "100"}, "missing_lines": [], "excluded_lines": [], "start_line": 16}, "HybridSearch": {"executed_lines": [75, 76, 77, 78, 83, 84, 85, 108, 111, 112, 113, 114, 115, 118, 119, 120, 122, 124, 125, 126, 129, 131, 132, 138, 143, 145, 170, 171, 174, 177, 178, 179, 180, 181, 182, 183, 184, 185, 188, 189, 206, 207, 217, 219, 220, 234, 235, 238, 239, 242, 243, 245, 246, 248, 249, 251, 261, 262, 268, 271, 272, 275, 276, 277, 278, 279, 282, 283, 288, 289, 290, 291, 294, 297, 300, 304], "summary": {"covered_lines": 76, "num_statements": 88, "percent_covered": 86.36363636363636, "percent_covered_display": "86", "missing_lines": 12, "excluded_lines": 0, "percent_statements_covered": 86.36363636363636, "percent_statements_covered_display": "86"}, "missing_lines": [221, 223, 224, 225, 226, 227, 228, 229, 231, 263, 265, 298], "excluded_lines": [], "start_line": 47}, "": {"executed_lines": [7, 8, 9, 11, 12, 15, 16, 18, 19, 20, 21, 22, 23, 24, 27, 28, 29, 31, 47, 59, 80, 81, 87, 147, 191, 209, 253, 285, 302, 315, 326, 327], "summary": {"covered_lines": 32, "num_statements": 32, "percent_covered": 100.0, "percent_covered_display": "100", "missing_lines": 0, "excluded_lines": 0, "percent_statements_covered": 100.0, "percent_statements_covered_display": "100"}, "missing_lines": [], "excluded_lines": [], "start_line": 1}}}}, "totals": {"covered_lines": 881, "num_statements": 1003, "percent_covered": 87.83649052841476, "percent_covered_display": "88", "missing_lines": 122, "excluded_lines": 2, "percent_statements_covered": 87.83649052841476, "percent_statements_covered_display": "88"}}